<?xml version="1.0" encoding="UTF-8"?>
<!-- Generated by org.testng.reporters.JUnitReportReporter -->
<testsuite hostname="IN-J7W0BK3" failures="0" tests="1" name="jenkins.ui" time="51.068" errors="0" timestamp="21 Jul 2023 06:44:27 GMT" skipped="0">
  <testcase classname="jenkins.ui" name="startbrower" time="51.068"/>
</testsuite> <!-- jenkins.ui -->
