<?xml version="1.0" encoding="UTF-8"?>
<!-- Generated by org.testng.reporters.JUnitReportReporter -->
<testsuite hostname="IN-J7W0BK3" failures="0" tests="1" name="jenkins.ui" time="7.636" errors="0" timestamp="28 Jun 2023 07:26:42 GMT" skipped="0">
  <testcase classname="jenkins.ui" name="startbrower" time="7.636"/>
</testsuite> <!-- jenkins.ui -->
